<?xml version="1.0" encoding="UTF-8"?>
<testsuite xmlns:xsi="http://www.w3.org/2001/XMLSchema-instance" xsi:noNamespaceSchemaLocation="https://maven.apache.org/surefire/maven-surefire-plugin/xsd/surefire-test-report-3.0.xsd" version="3.0" name="org.example.arithmetic.AdditionTest" time="0.102" tests="2" errors="0" skipped="0" failures="0">
  <properties>
[...]
</properties>
  <testcase name="shouldSumOperation" classname="org.example.arithmetic.AdditionTest" time="0.063">
    <system-out><![CDATA[[2023.01.31 01-26-07] [INFO] Message [AdditionTest shouldSumOperation -  Expected: -> 10; Actual: ->10]
]]></system-out>
  </testcase>
  <testcase name="shouldSumNegativeNumbers" classname="org.example.arithmetic.AdditionTest" time="0.004">
    <system-out><![CDATA[[2023.01.31 01-26-07] [INFO] Message [AdditionTest shouldSumNegativeNumbers -  Expected: -> -4; Actual: ->-4]
]]></system-out>
  </testcase>
</testsuite>